<?xml version="1.0" encoding="UTF-8"?>
<testng-results skipped="0" failed="0" ignored="0" total="10" passed="10">
  <reporter-output>
  </reporter-output>
  <suite name="Default suite" duration-ms="127428" started-at="2021-11-19T15:09:21 IST" finished-at="2021-11-19T15:11:28 IST">
    <groups>
      <group name="cucumber">
        <method signature="AbstractTestNGCucumberTests.runScenario(io.cucumber.testng.PickleWrapper, io.cucumber.testng.FeatureWrapper)[pri:0, instance:com.mindtree.runner.BigsmallSiteRunner@6acdbdf5]" name="runScenario" class="io.cucumber.testng.AbstractTestNGCucumberTests"/>
      </group> <!-- cucumber -->
    </groups>
    <test name="Default test" duration-ms="127428" started-at="2021-11-19T15:09:21 IST" finished-at="2021-11-19T15:11:28 IST">
      <class name="com.mindtree.runner.BigsmallSiteRunner">
        <test-method status="PASS" signature="setUpClass(org.testng.ITestContext)[pri:0, instance:com.mindtree.runner.BigsmallSiteRunner@6acdbdf5]" name="setUpClass" is-config="true" duration-ms="651" started-at="2021-11-19T15:09:21 IST" finished-at="2021-11-19T15:09:21 IST">
          <params>
            <param index="0">
              <value>
                <![CDATA[org.testng.TestRunner@75361cf6]]>
              </value>
            </param>
          </params>
          <reporter-output>
          </reporter-output>
        </test-method> <!-- setUpClass -->
        <test-method status="PASS" signature="runScenario(io.cucumber.testng.PickleWrapper, io.cucumber.testng.FeatureWrapper)[pri:0, instance:com.mindtree.runner.BigsmallSiteRunner@6acdbdf5]" name="runScenario" duration-ms="23704" started-at="2021-11-19T15:09:21 IST" description="Runs Cucumber Scenarios" data-provider="scenarios" finished-at="2021-11-19T15:09:45 IST">
          <params>
            <param index="0">
              <value>
                <![CDATA["Shop Products using searchtext"]]>
              </value>
            </param>
            <param index="1">
              <value>
                <![CDATA["Optional[Testing Bigsmall.in features and functionalities]"]]>
              </value>
            </param>
          </params>
          <reporter-output>
          </reporter-output>
        </test-method> <!-- runScenario -->
        <test-method status="PASS" signature="runScenario(io.cucumber.testng.PickleWrapper, io.cucumber.testng.FeatureWrapper)[pri:0, instance:com.mindtree.runner.BigsmallSiteRunner@6acdbdf5]" name="runScenario" duration-ms="11218" started-at="2021-11-19T15:09:45 IST" description="Runs Cucumber Scenarios" data-provider="scenarios" finished-at="2021-11-19T15:09:56 IST">
          <params>
            <param index="0">
              <value>
                <![CDATA["Shop Products using Homepage header links"]]>
              </value>
            </param>
            <param index="1">
              <value>
                <![CDATA["Optional[Testing Bigsmall.in features and functionalities]"]]>
              </value>
            </param>
          </params>
          <reporter-output>
          </reporter-output>
        </test-method> <!-- runScenario -->
        <test-method status="PASS" signature="runScenario(io.cucumber.testng.PickleWrapper, io.cucumber.testng.FeatureWrapper)[pri:0, instance:com.mindtree.runner.BigsmallSiteRunner@6acdbdf5]" name="runScenario" duration-ms="16888" started-at="2021-11-19T15:09:56 IST" description="Runs Cucumber Scenarios" data-provider="scenarios" finished-at="2021-11-19T15:10:13 IST">
          <params>
            <param index="0">
              <value>
                <![CDATA["Shop Products using Merchandise section Logos"]]>
              </value>
            </param>
            <param index="1">
              <value>
                <![CDATA["Optional[Testing Bigsmall.in features and functionalities]"]]>
              </value>
            </param>
          </params>
          <reporter-output>
          </reporter-output>
        </test-method> <!-- runScenario -->
        <test-method status="PASS" signature="runScenario(io.cucumber.testng.PickleWrapper, io.cucumber.testng.FeatureWrapper)[pri:0, instance:com.mindtree.runner.BigsmallSiteRunner@6acdbdf5]" name="runScenario" duration-ms="13330" started-at="2021-11-19T15:10:13 IST" description="Runs Cucumber Scenarios" data-provider="scenarios" finished-at="2021-11-19T15:10:27 IST">
          <params>
            <param index="0">
              <value>
                <![CDATA["Retrieve password using Login page forgot feature"]]>
              </value>
            </param>
            <param index="1">
              <value>
                <![CDATA["Optional[Testing Bigsmall.in features and functionalities]"]]>
              </value>
            </param>
          </params>
          <reporter-output>
          </reporter-output>
        </test-method> <!-- runScenario -->
        <test-method status="PASS" signature="runScenario(io.cucumber.testng.PickleWrapper, io.cucumber.testng.FeatureWrapper)[pri:0, instance:com.mindtree.runner.BigsmallSiteRunner@6acdbdf5]" name="runScenario" duration-ms="14986" started-at="2021-11-19T15:10:27 IST" description="Runs Cucumber Scenarios" data-provider="scenarios" finished-at="2021-11-19T15:10:42 IST">
          <params>
            <param index="0">
              <value>
                <![CDATA["Accesing Product Checkout feature from Cart"]]>
              </value>
            </param>
            <param index="1">
              <value>
                <![CDATA["Optional[Testing Bigsmall.in features and functionalities]"]]>
              </value>
            </param>
          </params>
          <reporter-output>
          </reporter-output>
        </test-method> <!-- runScenario -->
        <test-method status="PASS" signature="runScenario(io.cucumber.testng.PickleWrapper, io.cucumber.testng.FeatureWrapper)[pri:0, instance:com.mindtree.runner.BigsmallSiteRunner@6acdbdf5]" name="runScenario" duration-ms="7753" started-at="2021-11-19T15:10:42 IST" description="Runs Cucumber Scenarios" data-provider="scenarios" finished-at="2021-11-19T15:10:49 IST">
          <params>
            <param index="0">
              <value>
                <![CDATA["Accessing Product Remove feature from Cart"]]>
              </value>
            </param>
            <param index="1">
              <value>
                <![CDATA["Optional[Testing Bigsmall.in features and functionalities]"]]>
              </value>
            </param>
          </params>
          <reporter-output>
          </reporter-output>
        </test-method> <!-- runScenario -->
        <test-method status="PASS" signature="runScenario(io.cucumber.testng.PickleWrapper, io.cucumber.testng.FeatureWrapper)[pri:0, instance:com.mindtree.runner.BigsmallSiteRunner@6acdbdf5]" name="runScenario" duration-ms="7001" started-at="2021-11-19T15:10:49 IST" description="Runs Cucumber Scenarios" data-provider="scenarios" finished-at="2021-11-19T15:10:56 IST">
          <params>
            <param index="0">
              <value>
                <![CDATA["Accesing Product remove feature from Wishlist"]]>
              </value>
            </param>
            <param index="1">
              <value>
                <![CDATA["Optional[Testing Bigsmall.in features and functionalities]"]]>
              </value>
            </param>
          </params>
          <reporter-output>
          </reporter-output>
        </test-method> <!-- runScenario -->
        <test-method status="PASS" signature="runScenario(io.cucumber.testng.PickleWrapper, io.cucumber.testng.FeatureWrapper)[pri:0, instance:com.mindtree.runner.BigsmallSiteRunner@6acdbdf5]" name="runScenario" duration-ms="7739" started-at="2021-11-19T15:10:56 IST" description="Runs Cucumber Scenarios" data-provider="scenarios" finished-at="2021-11-19T15:11:04 IST">
          <params>
            <param index="0">
              <value>
                <![CDATA["Accesing Contact Us feature from Footer"]]>
              </value>
            </param>
            <param index="1">
              <value>
                <![CDATA["Optional[Testing Bigsmall.in features and functionalities]"]]>
              </value>
            </param>
          </params>
          <reporter-output>
          </reporter-output>
        </test-method> <!-- runScenario -->
        <test-method status="PASS" signature="runScenario(io.cucumber.testng.PickleWrapper, io.cucumber.testng.FeatureWrapper)[pri:0, instance:com.mindtree.runner.BigsmallSiteRunner@6acdbdf5]" name="runScenario" duration-ms="7106" started-at="2021-11-19T15:11:04 IST" description="Runs Cucumber Scenarios" data-provider="scenarios" finished-at="2021-11-19T15:11:11 IST">
          <params>
            <param index="0">
              <value>
                <![CDATA["Accesing Login feature"]]>
              </value>
            </param>
            <param index="1">
              <value>
                <![CDATA["Optional[Testing Bigsmall.in features and functionalities]"]]>
              </value>
            </param>
          </params>
          <reporter-output>
          </reporter-output>
        </test-method> <!-- runScenario -->
        <test-method status="PASS" signature="runScenario(io.cucumber.testng.PickleWrapper, io.cucumber.testng.FeatureWrapper)[pri:0, instance:com.mindtree.runner.BigsmallSiteRunner@6acdbdf5]" name="runScenario" duration-ms="16938" started-at="2021-11-19T15:11:11 IST" description="Runs Cucumber Scenarios" data-provider="scenarios" finished-at="2021-11-19T15:11:28 IST">
          <params>
            <param index="0">
              <value>
                <![CDATA["Accesing About Us feature from Footer"]]>
              </value>
            </param>
            <param index="1">
              <value>
                <![CDATA["Optional[Testing Bigsmall.in features and functionalities]"]]>
              </value>
            </param>
          </params>
          <reporter-output>
          </reporter-output>
        </test-method> <!-- runScenario -->
        <test-method status="PASS" signature="tearDownClass()[pri:0, instance:com.mindtree.runner.BigsmallSiteRunner@6acdbdf5]" name="tearDownClass" is-config="true" duration-ms="5" started-at="2021-11-19T15:11:28 IST" finished-at="2021-11-19T15:11:28 IST">
          <reporter-output>
          </reporter-output>
        </test-method> <!-- tearDownClass -->
      </class> <!-- com.mindtree.runner.BigsmallSiteRunner -->
    </test> <!-- Default test -->
  </suite> <!-- Default suite -->
</testng-results>
